<?xml version="1.0" encoding="UTF-8" standalone="yes"?>
<ns2:test-suite start="1596157667106" stop="1596157689262" version="1.4.15" xmlns:ns2="urn:model.allure.qatools.yandex.ru">
    <name>Verify invalid login for multiple users | ilhan@sample.com | test123 |</name>
    <title>Verify invalid login for multiple users | ilhan@sample.com | test123 |</title>
    <test-cases>
        <test-case start="1596157667158" stop="1596157667163" status="passed">
            <name>Given I am on home page</name>
            <title>Given I am on home page</title>
            <steps/>
            <attachments/>
            <labels>
                <label name="host" value="FIRATs-MPro-Retina.local"/>
                <label name="thread" value="15378@FIRATs-MPro-Retina.local.main(1)"/>
            </labels>
        </test-case>
        <test-case start="1596157667846" stop="1596157667847" status="passed">
            <name>When I enter ilhan@sample.com into username text fields on home screen</name>
            <title>When I enter ilhan@sample.com into username text fields on home screen</title>
            <steps/>
            <attachments/>
            <labels>
                <label name="host" value="FIRATs-MPro-Retina.local"/>
                <label name="thread" value="15378@FIRATs-MPro-Retina.local.main(1)"/>
            </labels>
        </test-case>
        <test-case start="1596157667902" stop="1596157667902" status="passed">
            <name>And I enter test123 into password text fields on home screen</name>
            <title>And I enter test123 into password text fields on home screen</title>
            <steps/>
            <attachments/>
            <labels>
                <label name="host" value="FIRATs-MPro-Retina.local"/>
                <label name="thread" value="15378@FIRATs-MPro-Retina.local.main(1)"/>
            </labels>
        </test-case>
        <test-case start="1596157669838" stop="1596157669838" status="passed">
            <name>And I click on login button on home screen</name>
            <title>And I click on login button on home screen</title>
            <steps/>
            <attachments/>
            <labels>
                <label name="host" value="FIRATs-MPro-Retina.local"/>
                <label name="thread" value="15378@FIRATs-MPro-Retina.local.main(1)"/>
            </labels>
        </test-case>
        <test-case start="1596157685099" stop="1596157685133" status="broken">
            <name>Then I verify that I am in invalid login page</name>
            <title>Then I verify that I am in invalid login page</title>
            <failure>
                <message>TimeoutException: Expected condition failed: Webdriver waited for 15 seconds but still could not find the element therefore TimeOutException has been thrown (tried for 15 second(s) with 1000 milliseconds interval)</message>
                <stack-trace>org.openqa.selenium.TimeoutException: Expected condition failed: Webdriver waited for 15 seconds but still could not find the element therefore TimeOutException has been thrown (tried for 15 second(s) with 1000 milliseconds interval)
	at org.openqa.selenium.support.ui.FluentWait.timeoutException(FluentWait.java:315)
	at org.openqa.selenium.support.ui.FluentWait.until(FluentWait.java:283)
	at runnerTest.webPages.ElementUtil.webAction(ElementUtil.java:36)
	at runnerTest.webPages.ElementUtil.getTextFromElement(ElementUtil.java:71)
	at runnerTest.webPages.LoginPage.getTextElement(LoginPage.java:28)
	at stepDefinition.LoginSD.verifyInvalidLogin(LoginSD.java:48)
	at âœ½.Then I verify that I am in invalid login page(Login.feature:15)
Caused by: org.openqa.selenium.NoSuchElementException: Unable to locate element: //span[contains(text(), 'Log Into Facebook')]
For documentation on this error, please visit: http://seleniumhq.org/exceptions/no_such_element.html
Build info: version: '3.14.0', revision: 'aacccce0', time: '2018-08-02T20:19:58.91Z'
System info: host: 'FIRATs-MPro-Retina.local', ip: '2604:6000:b804:cc00:0:0:0:3%en0', os.name: 'Mac OS X', os.arch: 'x86_64', os.version: '10.15.6', java.version: '1.8.0_251'
Driver info: org.openqa.selenium.firefox.FirefoxDriver
Capabilities {acceptInsecureCerts: true, browserName: firefox, browserVersion: 77.0.1, javascriptEnabled: true, moz:accessibilityChecks: false, moz:buildID: 20200602222727, moz:geckodriverVersion: 0.26.0, moz:headless: true, moz:processID: 15391, moz:profile: /var/folders/xl/z7r6gqwx339..., moz:shutdownTimeout: 60000, moz:useNonSpecCompliantPointerOrigin: false, moz:webdriverClick: true, pageLoadStrategy: normal, platform: MAC, platformName: MAC, platformVersion: 19.6.0, rotatable: false, setWindowRect: true, strictFileInteractability: false, timeouts: {implicit: 0, pageLoad: 300000, script: 30000}, unhandledPromptBehavior: dismiss and notify}
Session ID: 2bb462f9-0e43-224b-8720-77b00192f387
*** Element info: {Using=xpath, value=//span[contains(text(), 'Log Into Facebook')]}
	at sun.reflect.NativeConstructorAccessorImpl.newInstance0(Native Method)
	at sun.reflect.NativeConstructorAccessorImpl.newInstance(NativeConstructorAccessorImpl.java:62)
	at sun.reflect.DelegatingConstructorAccessorImpl.newInstance(DelegatingConstructorAccessorImpl.java:45)
	at java.lang.reflect.Constructor.newInstance(Constructor.java:423)
	at org.openqa.selenium.remote.http.W3CHttpResponseCodec.createException(W3CHttpResponseCodec.java:187)
	at org.openqa.selenium.remote.http.W3CHttpResponseCodec.decode(W3CHttpResponseCodec.java:122)
	at org.openqa.selenium.remote.http.W3CHttpResponseCodec.decode(W3CHttpResponseCodec.java:49)
	at org.openqa.selenium.remote.HttpCommandExecutor.execute(HttpCommandExecutor.java:158)
	at org.openqa.selenium.remote.service.DriverCommandExecutor.execute(DriverCommandExecutor.java:83)
	at org.openqa.selenium.remote.RemoteWebDriver.execute(RemoteWebDriver.java:548)
	at org.openqa.selenium.remote.RemoteWebDriver.findElement(RemoteWebDriver.java:322)
	at org.openqa.selenium.remote.RemoteWebDriver.findElementByXPath(RemoteWebDriver.java:424)
	at org.openqa.selenium.By$ByXPath.findElement(By.java:353)
	at org.openqa.selenium.remote.RemoteWebDriver.findElement(RemoteWebDriver.java:314)
	at runnerTest.webPages.ElementUtil$1.apply(ElementUtil.java:38)
	at runnerTest.webPages.ElementUtil$1.apply(ElementUtil.java:36)
	at org.openqa.selenium.support.ui.FluentWait.until(FluentWait.java:260)
	at runnerTest.webPages.ElementUtil.webAction(ElementUtil.java:36)
	at runnerTest.webPages.ElementUtil.getTextFromElement(ElementUtil.java:71)
	at runnerTest.webPages.LoginPage.getTextElement(LoginPage.java:28)
	at stepDefinition.LoginSD.verifyInvalidLogin(LoginSD.java:48)
	at sun.reflect.NativeMethodAccessorImpl.invoke0(Native Method)
	at sun.reflect.NativeMethodAccessorImpl.invoke(NativeMethodAccessorImpl.java:62)
	at sun.reflect.DelegatingMethodAccessorImpl.invoke(DelegatingMethodAccessorImpl.java:43)
	at java.lang.reflect.Method.invoke(Method.java:498)
	at cucumber.runtime.Utils$1.call(Utils.java:37)
	at cucumber.runtime.Timeout.timeout(Timeout.java:13)
	at cucumber.runtime.Utils.invoke(Utils.java:31)
	at cucumber.runtime.java.JavaStepDefinition.execute(JavaStepDefinition.java:38)
	at cucumber.runtime.StepDefinitionMatch.runStep(StepDefinitionMatch.java:37)
	at cucumber.runtime.Runtime.runStep(Runtime.java:299)
	at cucumber.runtime.model.StepContainer.runStep(StepContainer.java:44)
	at cucumber.runtime.model.StepContainer.runSteps(StepContainer.java:39)
	at cucumber.runtime.model.CucumberScenario.run(CucumberScenario.java:44)
	at cucumber.runtime.junit.ExecutionUnitRunner.run(ExecutionUnitRunner.java:91)
	at org.junit.runners.Suite.runChild(Suite.java:127)
	at org.junit.runners.Suite.runChild(Suite.java:26)
	at org.junit.runners.ParentRunner$3.run(ParentRunner.java:238)
	at org.junit.runners.ParentRunner$1.schedule(ParentRunner.java:63)
	at org.junit.runners.ParentRunner.runChildren(ParentRunner.java:236)
	at org.junit.runners.ParentRunner.access$000(ParentRunner.java:53)
	at org.junit.runners.ParentRunner$2.evaluate(ParentRunner.java:229)
	at org.junit.runners.ParentRunner.run(ParentRunner.java:309)
	at cucumber.runtime.junit.ExamplesRunner.run(ExamplesRunner.java:59)
	at org.junit.runners.Suite.runChild(Suite.java:127)
	at org.junit.runners.Suite.runChild(Suite.java:26)
	at org.junit.runners.ParentRunner$3.run(ParentRunner.java:238)
	at org.junit.runners.ParentRunner$1.schedule(ParentRunner.java:63)
	at org.junit.runners.ParentRunner.runChildren(ParentRunner.java:236)
	at org.junit.runners.ParentRunner.access$000(ParentRunner.java:53)
	at org.junit.runners.ParentRunner$2.evaluate(ParentRunner.java:229)
	at org.junit.runners.ParentRunner.run(ParentRunner.java:309)
	at cucumber.runtime.junit.ScenarioOutlineRunner.run(ScenarioOutlineRunner.java:53)
	at cucumber.runtime.junit.FeatureRunner.runChild(FeatureRunner.java:63)
	at cucumber.runtime.junit.FeatureRunner.runChild(FeatureRunner.java:18)
	at org.junit.runners.ParentRunner$3.run(ParentRunner.java:238)
	at org.junit.runners.ParentRunner$1.schedule(ParentRunner.java:63)
	at org.junit.runners.ParentRunner.runChildren(ParentRunner.java:236)
	at org.junit.runners.ParentRunner.access$000(ParentRunner.java:53)
	at org.junit.runners.ParentRunner$2.evaluate(ParentRunner.java:229)
	at org.junit.runners.ParentRunner.run(ParentRunner.java:309)
	at cucumber.runtime.junit.FeatureRunner.run(FeatureRunner.java:70)
	at cucumber.api.junit.Cucumber.runChild(Cucumber.java:93)
	at cucumber.api.junit.Cucumber.runChild(Cucumber.java:37)
	at org.junit.runners.ParentRunner$3.run(ParentRunner.java:238)
	at org.junit.runners.ParentRunner$1.schedule(ParentRunner.java:63)
	at org.junit.runners.ParentRunner.runChildren(ParentRunner.java:236)
	at org.junit.runners.ParentRunner.access$000(ParentRunner.java:53)
	at org.junit.runners.ParentRunner$2.evaluate(ParentRunner.java:229)
	at org.junit.runners.ParentRunner.run(ParentRunner.java:309)
	at cucumber.api.junit.Cucumber.run(Cucumber.java:98)
	at org.junit.runners.Suite.runChild(Suite.java:127)
	at org.junit.runners.Suite.runChild(Suite.java:26)
	at org.junit.runners.ParentRunner$3.run(ParentRunner.java:238)
	at org.junit.runners.ParentRunner$1.schedule(ParentRunner.java:63)
	at org.junit.runners.ParentRunner.runChildren(ParentRunner.java:236)
	at org.junit.runners.ParentRunner.access$000(ParentRunner.java:53)
	at org.junit.runners.ParentRunner$2.evaluate(ParentRunner.java:229)
	at org.junit.runners.ParentRunner.run(ParentRunner.java:309)
	at org.junit.runner.JUnitCore.run(JUnitCore.java:160)
	at org.junit.runner.JUnitCore.run(JUnitCore.java:138)
	at org.apache.maven.surefire.junitcore.JUnitCoreWrapper.createRequestAndRun(JUnitCoreWrapper.java:108)
	at org.apache.maven.surefire.junitcore.JUnitCoreWrapper.executeEager(JUnitCoreWrapper.java:78)
	at org.apache.maven.surefire.junitcore.JUnitCoreWrapper.execute(JUnitCoreWrapper.java:54)
	at org.apache.maven.surefire.junitcore.JUnitCoreProvider.invoke(JUnitCoreProvider.java:144)
	at org.apache.maven.surefire.booter.ForkedBooter.invokeProviderInSameClassLoader(ForkedBooter.java:203)
	at org.apache.maven.surefire.booter.ForkedBooter.runSuitesInProcess(ForkedBooter.java:155)
	at org.apache.maven.surefire.booter.ForkedBooter.main(ForkedBooter.java:103)
</stack-trace>
            </failure>
            <steps/>
            <attachments/>
            <labels>
                <label name="host" value="FIRATs-MPro-Retina.local"/>
                <label name="thread" value="15378@FIRATs-MPro-Retina.local.main(1)"/>
            </labels>
        </test-case>
    </test-cases>
    <labels>
        <label name="story" value="Verify invalid login for multiple users | ilhan@sample.com | test123 |"/>
        <label name="feature" value="Login feature"/>
        <label name="framework" value="CucumberJVM"/>
        <label name="language" value="JAVA"/>
    </labels>
</ns2:test-suite>
